current directory: D:/RQ/Kuliah/UNPAS/Advance JS/twrails/bundler/ruby/3.2.0/gems/date-3.3.4/ext/date
C:/Ruby32-x64/bin/ruby.exe extconf.rb
checking for rb_category_warn()... yes
checking for timezone in time.h with  -Werror... no
checking for altzone in time.h with  -Werror... no
creating Makefile

current directory: D:/RQ/Kuliah/UNPAS/Advance JS/twrails/bundler/ruby/3.2.0/gems/date-3.3.4/ext/date
make DESTDIR\= sitearchdir\=./.gem.20241003-6548-awbs34 sitelibdir\=./.gem.20241003-6548-awbs34 clean

current directory: D:/RQ/Kuliah/UNPAS/Advance JS/twrails/bundler/ruby/3.2.0/gems/date-3.3.4/ext/date
make DESTDIR\= sitearchdir\=./.gem.20241003-6548-awbs34 sitelibdir\=./.gem.20241003-6548-awbs34
generating date_core-x64-mingw-ucrt.def
compiling date_core.c
compiling date_parse.c
compiling date_strftime.c
compiling date_strptime.c
linking shared-object date_core.so

current directory: D:/RQ/Kuliah/UNPAS/Advance JS/twrails/bundler/ruby/3.2.0/gems/date-3.3.4/ext/date
make DESTDIR\= sitearchdir\=./.gem.20241003-6548-awbs34 sitelibdir\=./.gem.20241003-6548-awbs34 install
/usr/bin/install -c -m 0755 date_core.so ./.gem.20241003-6548-awbs34

current directory: D:/RQ/Kuliah/UNPAS/Advance JS/twrails/bundler/ruby/3.2.0/gems/date-3.3.4/ext/date
make DESTDIR\= sitearchdir\=./.gem.20241003-6548-awbs34 sitelibdir\=./.gem.20241003-6548-awbs34 clean
