current directory: D:/RQ/Kuliah/UNPAS/Advance JS/twrails/bundler/ruby/3.2.0/gems/puma-6.4.3/ext/puma_http11
C:/Ruby32-x64/bin/ruby.exe extconf.rb
checking for whether -fstack-protector-strong -D_FORTIFY_SOURCE=2 is accepted as CFLAGS... yes
checking for whether -fstack-protector-strong -l:libssp.a is accepted as LDFLAGS... yes
checking for -lssp... yes
checking for BIO_read() in -llibcrypto... no
checking for BIO_read() in -lcrypto... no
checking for BIO_read() in -llibeay32... no
** Puma will be compiled without SSL support
creating Makefile

current directory: D:/RQ/Kuliah/UNPAS/Advance JS/twrails/bundler/ruby/3.2.0/gems/puma-6.4.3/ext/puma_http11
make DESTDIR\= sitearchdir\=./.gem.20241003-6548-fioa6r sitelibdir\=./.gem.20241003-6548-fioa6r clean

current directory: D:/RQ/Kuliah/UNPAS/Advance JS/twrails/bundler/ruby/3.2.0/gems/puma-6.4.3/ext/puma_http11
make DESTDIR\= sitearchdir\=./.gem.20241003-6548-fioa6r sitelibdir\=./.gem.20241003-6548-fioa6r
generating puma_http11-x64-mingw-ucrt.def
compiling http11_parser.c
compiling mini_ssl.c
compiling puma_http11.c
linking shared-object puma/puma_http11.so

current directory: D:/RQ/Kuliah/UNPAS/Advance JS/twrails/bundler/ruby/3.2.0/gems/puma-6.4.3/ext/puma_http11
make DESTDIR\= sitearchdir\=./.gem.20241003-6548-fioa6r sitelibdir\=./.gem.20241003-6548-fioa6r install
/usr/bin/install -c -m 0755 puma_http11.so ./.gem.20241003-6548-fioa6r/puma

current directory: D:/RQ/Kuliah/UNPAS/Advance JS/twrails/bundler/ruby/3.2.0/gems/puma-6.4.3/ext/puma_http11
make DESTDIR\= sitearchdir\=./.gem.20241003-6548-fioa6r sitelibdir\=./.gem.20241003-6548-fioa6r clean
